0 info it worked if it ends with ok
1 verbose cli [ 'D:\\Program Files\\nodejs\\node.exe',
1 verbose cli   'D:\\Program Files\\nodejs\\node_modules\\npm\\bin\\npm-cli.js',
1 verbose cli   'i' ]
2 info using npm@3.10.8
3 info using node@v6.9.1
4 silly loadCurrentTree Starting
5 silly install loadCurrentTree
6 silly install readLocalPackageData
7 silly install normalizeTree
8 silly loadCurrentTree Finishing
9 silly loadIdealTree Starting
10 silly install loadIdealTree
11 silly cloneCurrentTree Starting
12 silly install cloneCurrentTreeToIdealTree
13 silly cloneCurrentTree Finishing
14 silly loadShrinkwrap Starting
15 silly install loadShrinkwrap
16 silly loadShrinkwrap Finishing
17 silly loadAllDepsIntoIdealTree Starting
18 silly install loadAllDepsIntoIdealTree
19 silly loadAllDepsIntoIdealTree Finishing
20 silly loadIdealTree Finishing
21 silly currentTree restackx-core@0.0.3
21 silly currentTree +-- abab@1.0.3
21 silly currentTree +-- abbrev@1.0.9
21 silly currentTree +-- acorn-globals@3.1.0
21 silly currentTree +-- acorn@4.0.11
21 silly currentTree +-- ajv@4.11.8
21 silly currentTree +-- align-text@0.1.4
21 silly currentTree +-- amdefine@1.0.1
21 silly currentTree +-- ansi-escapes@1.4.0
21 silly currentTree +-- ansi-regex@2.1.1
21 silly currentTree +-- ansi-styles@2.2.1
21 silly currentTree +-- ansicolors@0.2.1
21 silly currentTree +-- append-transform@0.4.0
21 silly currentTree +-- argparse@1.0.9
21 silly currentTree +-- arr-diff@2.0.0
21 silly currentTree +-- arr-flatten@1.0.3
21 silly currentTree +-- array-differ@1.0.0
21 silly currentTree +-- array-equal@1.0.0
21 silly currentTree +-- array-union@1.0.2
21 silly currentTree +-- array-uniq@1.0.3
21 silly currentTree +-- array-unique@0.2.1
21 silly currentTree +-- arrify@1.0.1
21 silly currentTree +-- asap@2.0.5
21 silly currentTree +-- asn1@0.2.3
21 silly currentTree +-- assert-plus@0.2.0
21 silly currentTree +-- async@2.4.0
21 silly currentTree +-- asynckit@0.4.0
21 silly currentTree +-- aws-sign2@0.6.0
21 silly currentTree +-- aws4@1.6.0
21 silly currentTree +-- babel-code-frame@6.22.0
21 silly currentTree +-- babel-core@6.24.1
21 silly currentTree +-- babel-generator@6.24.1
21 silly currentTree +-- babel-helper-bindify-decorators@6.24.1
21 silly currentTree +-- babel-helper-builder-react-jsx@6.24.1
21 silly currentTree +-- babel-helper-call-delegate@6.24.1
21 silly currentTree +-- babel-helper-define-map@6.24.1
21 silly currentTree +-- babel-helper-explode-class@6.24.1
21 silly currentTree +-- babel-helper-function-name@6.24.1
21 silly currentTree +-- babel-helper-get-function-arity@6.24.1
21 silly currentTree +-- babel-helper-hoist-variables@6.24.1
21 silly currentTree +-- babel-helper-optimise-call-expression@6.24.1
21 silly currentTree +-- babel-helper-regex@6.24.1
21 silly currentTree +-- babel-helper-replace-supers@6.24.1
21 silly currentTree +-- babel-helpers@6.24.1
21 silly currentTree +-- babel-jest@15.0.0
21 silly currentTree +-- babel-messages@6.23.0
21 silly currentTree +-- babel-plugin-check-es2015-constants@6.22.0
21 silly currentTree +-- babel-plugin-istanbul@2.0.3
21 silly currentTree +-- babel-plugin-jest-hoist@15.0.0
21 silly currentTree +-- babel-plugin-react-transform@2.0.2
21 silly currentTree +-- babel-plugin-syntax-async-functions@6.13.0
21 silly currentTree +-- babel-plugin-syntax-class-properties@6.13.0
21 silly currentTree +-- babel-plugin-syntax-decorators@6.13.0
21 silly currentTree +-- babel-plugin-syntax-export-extensions@6.13.0
21 silly currentTree +-- babel-plugin-syntax-flow@6.18.0
21 silly currentTree +-- babel-plugin-syntax-jsx@6.18.0
21 silly currentTree +-- babel-plugin-syntax-object-rest-spread@6.13.0
21 silly currentTree +-- babel-plugin-transform-class-properties@6.24.1
21 silly currentTree +-- babel-plugin-transform-decorators-legacy@1.3.4
21 silly currentTree +-- babel-plugin-transform-decorators@6.24.1
21 silly currentTree +-- babel-plugin-transform-es2015-arrow-functions@6.22.0
21 silly currentTree +-- babel-plugin-transform-es2015-block-scoped-functions@6.22.0
21 silly currentTree +-- babel-plugin-transform-es2015-block-scoping@6.24.1
21 silly currentTree +-- babel-plugin-transform-es2015-classes@6.24.1
21 silly currentTree +-- babel-plugin-transform-es2015-computed-properties@6.24.1
21 silly currentTree +-- babel-plugin-transform-es2015-destructuring@6.23.0
21 silly currentTree +-- babel-plugin-transform-es2015-duplicate-keys@6.24.1
21 silly currentTree +-- babel-plugin-transform-es2015-for-of@6.23.0
21 silly currentTree +-- babel-plugin-transform-es2015-function-name@6.24.1
21 silly currentTree +-- babel-plugin-transform-es2015-literals@6.22.0
21 silly currentTree +-- babel-plugin-transform-es2015-modules-amd@6.24.1
21 silly currentTree +-- babel-plugin-transform-es2015-modules-commonjs@6.24.1
21 silly currentTree +-- babel-plugin-transform-es2015-modules-systemjs@6.24.1
21 silly currentTree +-- babel-plugin-transform-es2015-modules-umd@6.24.1
21 silly currentTree +-- babel-plugin-transform-es2015-object-super@6.24.1
21 silly currentTree +-- babel-plugin-transform-es2015-parameters@6.24.1
21 silly currentTree +-- babel-plugin-transform-es2015-shorthand-properties@6.24.1
21 silly currentTree +-- babel-plugin-transform-es2015-spread@6.22.0
21 silly currentTree +-- babel-plugin-transform-es2015-sticky-regex@6.24.1
21 silly currentTree +-- babel-plugin-transform-es2015-template-literals@6.22.0
21 silly currentTree +-- babel-plugin-transform-es2015-typeof-symbol@6.23.0
21 silly currentTree +-- babel-plugin-transform-es2015-unicode-regex@6.24.1
21 silly currentTree +-- babel-plugin-transform-export-extensions@6.22.0
21 silly currentTree +-- babel-plugin-transform-flow-strip-types@6.22.0
21 silly currentTree +-- babel-plugin-transform-object-assign@6.22.0
21 silly currentTree +-- babel-plugin-transform-object-rest-spread@6.23.0
21 silly currentTree +-- babel-plugin-transform-react-display-name@6.23.0
21 silly currentTree +-- babel-plugin-transform-react-jsx-self@6.22.0
21 silly currentTree +-- babel-plugin-transform-react-jsx-source@6.22.0
21 silly currentTree +-- babel-plugin-transform-react-jsx@6.24.1
21 silly currentTree +-- babel-plugin-transform-regenerator@6.24.1
21 silly currentTree +-- babel-plugin-transform-runtime@6.23.0
21 silly currentTree +-- babel-plugin-transform-strict-mode@6.24.1
21 silly currentTree +-- babel-preset-es2015@6.24.1
21 silly currentTree +-- babel-preset-flow@6.23.0
21 silly currentTree +-- babel-preset-jest@15.0.0
21 silly currentTree +-- babel-preset-react-hmre@1.1.1
21 silly currentTree +-- babel-preset-react@6.24.1
21 silly currentTree +-- babel-register@6.24.1
21 silly currentTree +-- babel-runtime@6.23.0
21 silly currentTree +-- babel-template@6.24.1
21 silly currentTree +-- babel-traverse@6.24.1
21 silly currentTree +-- babel-types@6.24.1
21 silly currentTree +-- babylon@6.17.0
21 silly currentTree +-- balanced-match@0.4.2
21 silly currentTree +-- bcrypt-pbkdf@1.0.1
21 silly currentTree +-- boom@2.10.1
21 silly currentTree +-- brace-expansion@1.1.7
21 silly currentTree +-- braces@1.8.5
21 silly currentTree +-- browser-resolve@1.11.2
21 silly currentTree +-- bser@1.0.2
21 silly currentTree +-- builtin-modules@1.1.1
21 silly currentTree +-- callsites@2.0.0
21 silly currentTree +-- camelcase@1.2.1
21 silly currentTree +-- cardinal@1.0.0
21 silly currentTree +-- caseless@0.12.0
21 silly currentTree +-- center-align@0.1.3
21 silly currentTree +-- chalk@1.1.3
21 silly currentTree +-- cli-table@0.3.1
21 silly currentTree +-- cli-usage@0.1.4
21 silly currentTree +-- cliui@2.1.0
21 silly currentTree | `-- wordwrap@0.0.2
21 silly currentTree +-- co@4.6.0
21 silly currentTree +-- code-point-at@1.1.0
21 silly currentTree +-- colors@1.0.3
21 silly currentTree +-- combined-stream@1.0.5
21 silly currentTree +-- concat-map@0.0.1
21 silly currentTree +-- content-type-parser@1.0.1
21 silly currentTree +-- convert-source-map@1.5.0
21 silly currentTree +-- cookie@0.3.1
21 silly currentTree +-- core-js@2.4.1
21 silly currentTree +-- cross-env@2.0.1
21 silly currentTree +-- cross-spawn@3.0.1
21 silly currentTree +-- cryptiles@2.0.5
21 silly currentTree +-- cssom@0.3.2
21 silly currentTree +-- cssstyle@0.2.37
21 silly currentTree +-- dashdash@1.14.1
21 silly currentTree | `-- assert-plus@1.0.0
21 silly currentTree +-- debug@2.6.6
21 silly currentTree +-- decamelize@1.2.0
21 silly currentTree +-- deep-equal@1.0.1
21 silly currentTree +-- deep-is@0.1.3
21 silly currentTree +-- default-require-extensions@1.0.0
21 silly currentTree +-- delayed-stream@1.0.0
21 silly currentTree +-- detect-indent@4.0.0
21 silly currentTree +-- diff@3.2.0
21 silly currentTree +-- dom-walk@0.1.1
21 silly currentTree +-- ecc-jsbn@0.1.1
21 silly currentTree +-- encoding@0.1.12
21 silly currentTree +-- errno@0.1.4
21 silly currentTree +-- error-ex@1.3.1
21 silly currentTree +-- error-stack-parser@1.3.6
21 silly currentTree +-- escape-string-regexp@1.0.5
21 silly currentTree +-- escodegen@1.8.1
21 silly currentTree | +-- esprima@2.7.3
21 silly currentTree | `-- source-map@0.2.0
21 silly currentTree +-- esprima@3.1.3
21 silly currentTree +-- estraverse@1.9.3
21 silly currentTree +-- esutils@2.0.2
21 silly currentTree +-- exec-sh@0.2.0
21 silly currentTree +-- expand-brackets@0.1.5
21 silly currentTree +-- expand-range@1.8.2
21 silly currentTree +-- extend@3.0.1
21 silly currentTree +-- extglob@0.3.2
21 silly currentTree +-- extsprintf@1.0.2
21 silly currentTree +-- fast-levenshtein@2.0.6
21 silly currentTree +-- fb-watchman@1.9.2
21 silly currentTree +-- fbjs@0.8.12
21 silly currentTree | `-- core-js@1.2.7
21 silly currentTree +-- filename-regex@2.0.1
21 silly currentTree +-- fileset@2.0.3
21 silly currentTree +-- fill-range@2.2.3
21 silly currentTree +-- find-up@1.1.2
21 silly currentTree +-- for-in@1.0.2
21 silly currentTree +-- for-own@0.1.5
21 silly currentTree +-- forever-agent@0.6.1
21 silly currentTree +-- form-data@2.1.4
21 silly currentTree +-- fs.realpath@1.0.0
21 silly currentTree +-- get-caller-file@1.0.2
21 silly currentTree +-- getpass@0.1.7
21 silly currentTree | `-- assert-plus@1.0.0
21 silly currentTree +-- glob-base@0.3.0
21 silly currentTree +-- glob-parent@2.0.0
21 silly currentTree +-- glob@7.1.1
21 silly currentTree +-- global@4.3.2
21 silly currentTree +-- globals@9.17.0
21 silly currentTree +-- graceful-fs@4.1.11
21 silly currentTree +-- growly@1.3.0
21 silly currentTree +-- handlebars@4.0.8
21 silly currentTree | +-- async@1.5.2
21 silly currentTree | `-- source-map@0.4.4
21 silly currentTree +-- har-schema@1.0.5
21 silly currentTree +-- har-validator@4.2.1
21 silly currentTree +-- has-ansi@2.0.0
21 silly currentTree +-- has-flag@1.0.0
21 silly currentTree +-- hawk@3.1.3
21 silly currentTree +-- history@2.1.2
21 silly currentTree | `-- warning@2.1.0
21 silly currentTree +-- hoek@2.16.3
21 silly currentTree +-- hoist-non-react-statics@1.2.0
21 silly currentTree +-- home-or-tmp@2.0.0
21 silly currentTree +-- hosted-git-info@2.4.2
21 silly currentTree +-- html-encoding-sniffer@1.0.1
21 silly currentTree +-- http-signature@1.1.1
21 silly currentTree +-- iconv-lite@0.4.17
21 silly currentTree +-- inflight@1.0.6
21 silly currentTree +-- inherits@2.0.3
21 silly currentTree +-- invariant@2.2.2
21 silly currentTree +-- invert-kv@1.0.0
21 silly currentTree +-- is-arrayish@0.2.1
21 silly currentTree +-- is-buffer@1.1.5
21 silly currentTree +-- is-builtin-module@1.0.0
21 silly currentTree +-- is-dotfile@1.0.2
21 silly currentTree +-- is-equal-shallow@0.1.3
21 silly currentTree +-- is-extendable@0.1.1
21 silly currentTree +-- is-extglob@1.0.0
21 silly currentTree +-- is-finite@1.0.2
21 silly currentTree +-- is-fullwidth-code-point@1.0.0
21 silly currentTree +-- is-glob@2.0.1
21 silly currentTree +-- is-number@2.1.0
21 silly currentTree +-- is-posix-bracket@0.1.1
21 silly currentTree +-- is-primitive@2.0.0
21 silly currentTree +-- is-stream@1.1.0
21 silly currentTree +-- is-typedarray@1.0.0
21 silly currentTree +-- is-utf8@0.2.1
21 silly currentTree +-- isarray@1.0.0
21 silly currentTree +-- isexe@2.0.0
21 silly currentTree +-- isobject@2.1.0
21 silly currentTree +-- isomorphic-fetch@2.2.1
21 silly currentTree +-- isstream@0.1.2
21 silly currentTree +-- istanbul-api@1.1.8
21 silly currentTree +-- istanbul-lib-coverage@1.1.0
21 silly currentTree +-- istanbul-lib-hook@1.0.6
21 silly currentTree +-- istanbul-lib-instrument@1.7.1
21 silly currentTree +-- istanbul-lib-report@1.1.0
21 silly currentTree | `-- supports-color@3.2.3
21 silly currentTree +-- istanbul-lib-source-maps@1.2.0
21 silly currentTree +-- istanbul-reports@1.1.0
21 silly currentTree +-- istanbul@0.4.5
21 silly currentTree | +-- async@1.5.2
21 silly currentTree | +-- esprima@2.7.3
21 silly currentTree | +-- glob@5.0.15
21 silly currentTree | +-- supports-color@3.2.3
21 silly currentTree | `-- wordwrap@1.0.0
21 silly currentTree +-- jasmine-check@0.1.5
21 silly currentTree +-- jed@1.1.1
21 silly currentTree +-- jest-changed-files@15.0.0
21 silly currentTree +-- jest-config@15.1.1
21 silly currentTree +-- jest-diff@15.1.0
21 silly currentTree +-- jest-environment-jsdom@15.1.1
21 silly currentTree +-- jest-environment-node@15.1.1
21 silly currentTree +-- jest-file-exists@15.0.0
21 silly currentTree +-- jest-haste-map@15.0.1
21 silly currentTree +-- jest-jasmine2@15.1.1
21 silly currentTree +-- jest-matcher-utils@15.1.0
21 silly currentTree +-- jest-matchers@15.1.1
21 silly currentTree +-- jest-mock@15.0.0
21 silly currentTree +-- jest-resolve-dependencies@15.0.1
21 silly currentTree +-- jest-resolve@15.0.1
21 silly currentTree +-- jest-runtime@15.1.1
21 silly currentTree +-- jest-snapshot@15.1.1
21 silly currentTree +-- jest-util@15.1.1
21 silly currentTree +-- jest@15.1.1
21 silly currentTree | `-- jest-cli@15.1.1
21 silly currentTree +-- jodid25519@1.0.2
21 silly currentTree +-- js-tokens@3.0.1
21 silly currentTree +-- js-yaml@3.8.4
21 silly currentTree +-- jsbn@0.1.1
21 silly currentTree +-- jsdom@9.12.0
21 silly currentTree +-- jsesc@1.3.0
21 silly currentTree +-- json-schema@0.2.3
21 silly currentTree +-- json-stable-stringify@1.0.1
21 silly currentTree +-- json-stringify-safe@5.0.1
21 silly currentTree +-- json5@0.5.1
21 silly currentTree +-- jsonify@0.0.0
21 silly currentTree +-- jsprim@1.4.0
21 silly currentTree | `-- assert-plus@1.0.0
21 silly currentTree +-- kind-of@3.2.0
21 silly currentTree +-- lazy-cache@1.0.4
21 silly currentTree +-- lcid@1.0.0
21 silly currentTree +-- levn@0.3.0
21 silly currentTree +-- load-json-file@1.1.0
21 silly currentTree +-- lodash._arraycopy@3.0.0
21 silly currentTree +-- lodash._arrayeach@3.0.0
21 silly currentTree +-- lodash._baseassign@3.2.0
21 silly currentTree +-- lodash._baseclone@3.3.0
21 silly currentTree +-- lodash._basecopy@3.0.1
21 silly currentTree +-- lodash._basefor@3.0.3
21 silly currentTree +-- lodash._bindcallback@3.0.1
21 silly currentTree +-- lodash._createassigner@3.1.1
21 silly currentTree +-- lodash._getnative@3.9.1
21 silly currentTree +-- lodash._isiterateecall@3.0.9
21 silly currentTree +-- lodash.assign@3.2.0
21 silly currentTree +-- lodash.clonedeep@3.0.2
21 silly currentTree +-- lodash.isarguments@3.1.0
21 silly currentTree +-- lodash.isarray@3.0.4
21 silly currentTree +-- lodash.keys@3.1.2
21 silly currentTree +-- lodash.restparam@3.6.1
21 silly currentTree +-- lodash@4.17.4
21 silly currentTree +-- longest@1.0.1
21 silly currentTree +-- loose-envify@1.3.1
21 silly currentTree +-- lru-cache@4.0.2
21 silly currentTree +-- makeerror@1.0.11
21 silly currentTree +-- marked-terminal@1.7.0
21 silly currentTree | `-- lodash.assign@4.2.0
21 silly currentTree +-- marked@0.3.6
21 silly currentTree +-- merge@1.2.0
21 silly currentTree +-- micromatch@2.3.11
21 silly currentTree +-- mime-db@1.27.0
21 silly currentTree +-- mime-types@2.1.15
21 silly currentTree +-- min-document@2.19.0
21 silly currentTree +-- minimatch@3.0.4
21 silly currentTree +-- minimist@0.0.8
21 silly currentTree +-- mkdirp@0.5.1
21 silly currentTree +-- mobx-react@4.1.8
21 silly currentTree +-- mobx@3.1.9
21 silly currentTree +-- ms@0.7.3
21 silly currentTree +-- multimatch@2.1.0
21 silly currentTree +-- node-emoji@1.5.1
21 silly currentTree +-- node-fetch@1.6.3
21 silly currentTree +-- node-int64@0.4.0
21 silly currentTree +-- node-notifier@4.6.1
21 silly currentTree | `-- minimist@1.2.0
21 silly currentTree +-- nopt@3.0.6
21 silly currentTree +-- normalize-package-data@2.3.8
21 silly currentTree +-- normalize-path@2.1.1
21 silly currentTree +-- number-is-nan@1.0.1
21 silly currentTree +-- nwmatcher@1.3.9
21 silly currentTree +-- oauth-sign@0.8.2
21 silly currentTree +-- object-assign@4.1.1
21 silly currentTree +-- object.omit@2.0.1
21 silly currentTree +-- once@1.4.0
21 silly currentTree +-- optimist@0.6.1
21 silly currentTree +-- optionator@0.8.2
21 silly currentTree | `-- wordwrap@1.0.0
21 silly currentTree +-- os-homedir@1.0.2
21 silly currentTree +-- os-locale@1.4.0
21 silly currentTree +-- os-tmpdir@1.0.2
21 silly currentTree +-- parse-glob@3.0.4
21 silly currentTree +-- parse-json@2.2.0
21 silly currentTree +-- parse5@1.5.1
21 silly currentTree +-- path-exists@2.1.0
21 silly currentTree +-- path-is-absolute@1.0.1
21 silly currentTree +-- path-parse@1.0.5
21 silly currentTree +-- path-type@1.1.0
21 silly currentTree +-- performance-now@0.2.0
21 silly currentTree +-- pify@2.3.0
21 silly currentTree +-- pinkie-promise@2.0.1
21 silly currentTree +-- pinkie@2.0.4
21 silly currentTree +-- prelude-ls@1.1.2
21 silly currentTree +-- preserve@0.2.0
21 silly currentTree +-- pretty-format@3.8.0
21 silly currentTree +-- private@0.1.7
21 silly currentTree +-- process@0.5.2
21 silly currentTree +-- promise@7.1.1
21 silly currentTree +-- prop-types@15.5.8
21 silly currentTree +-- prr@0.0.0
21 silly currentTree +-- pseudomap@1.0.2
21 silly currentTree +-- punycode@1.4.1
21 silly currentTree +-- qs@6.4.0
21 silly currentTree +-- query-string@3.0.3
21 silly currentTree +-- randomatic@1.1.6
21 silly currentTree +-- react-deep-force-update@1.0.1
21 silly currentTree +-- react-dom@15.5.4
21 silly currentTree +-- react-proxy@1.1.8
21 silly currentTree +-- react-router@2.8.1
21 silly currentTree +-- react-transform-catch-errors@1.0.2
21 silly currentTree +-- react-transform-hmr@1.0.4
21 silly currentTree +-- react@15.5.4
21 silly currentTree +-- read-pkg-up@1.0.1
21 silly currentTree +-- read-pkg@1.1.0
21 silly currentTree +-- redbox-react@1.3.6
21 silly currentTree +-- redeyed@1.0.1
21 silly currentTree | `-- esprima@3.0.0
21 silly currentTree +-- regenerate@1.3.2
21 silly currentTree +-- regenerator-runtime@0.10.5
21 silly currentTree +-- regenerator-transform@0.9.11
21 silly currentTree +-- regex-cache@0.4.3
21 silly currentTree +-- regexpu-core@2.0.0
21 silly currentTree +-- regjsgen@0.2.0
21 silly currentTree +-- regjsparser@0.1.5
21 silly currentTree | `-- jsesc@0.5.0
21 silly currentTree +-- remove-trailing-separator@1.0.1
21 silly currentTree +-- repeat-element@1.1.2
21 silly currentTree +-- repeat-string@1.6.1
21 silly currentTree +-- repeating@2.0.1
21 silly currentTree +-- request@2.81.0
21 silly currentTree +-- require-directory@2.1.1
21 silly currentTree +-- require-main-filename@1.0.1
21 silly currentTree +-- resolve@1.1.7
21 silly currentTree +-- right-align@0.1.3
21 silly currentTree +-- rimraf@2.6.1
21 silly currentTree +-- safe-buffer@5.0.1
21 silly currentTree +-- sane@1.4.1
21 silly currentTree | `-- minimist@1.2.0
21 silly currentTree +-- sax@1.2.2
21 silly currentTree +-- semver@5.3.0
21 silly currentTree +-- set-blocking@2.0.0
21 silly currentTree +-- setimmediate@1.0.5
21 silly currentTree +-- shellwords@0.1.0
21 silly currentTree +-- slash@1.0.0
21 silly currentTree +-- sntp@1.0.9
21 silly currentTree +-- source-map-support@0.4.15
21 silly currentTree +-- source-map@0.5.6
21 silly currentTree +-- spdx-correct@1.0.2
21 silly currentTree +-- spdx-expression-parse@1.0.4
21 silly currentTree +-- spdx-license-ids@1.2.2
21 silly currentTree +-- sprintf-js@1.0.3
21 silly currentTree +-- sshpk@1.13.0
21 silly currentTree | `-- assert-plus@1.0.0
21 silly currentTree +-- stackframe@0.3.1
21 silly currentTree +-- strict-uri-encode@1.1.0
21 silly currentTree +-- string-width@1.0.2
21 silly currentTree +-- string.prototype.codepointat@0.2.0
21 silly currentTree +-- stringstream@0.0.5
21 silly currentTree +-- strip-ansi@3.0.1
21 silly currentTree +-- strip-bom@2.0.0
21 silly currentTree +-- supports-color@2.0.0
21 silly currentTree +-- symbol-tree@3.2.2
21 silly currentTree +-- test-exclude@2.1.3
21 silly currentTree +-- testcheck@0.1.4
21 silly currentTree +-- tmpl@1.0.4
21 silly currentTree +-- to-fast-properties@1.0.3
21 silly currentTree +-- tough-cookie@2.3.2
21 silly currentTree +-- tr46@0.0.3
21 silly currentTree +-- trim-right@1.0.1
21 silly currentTree +-- tunnel-agent@0.6.0
21 silly currentTree +-- tweetnacl@0.14.5
21 silly currentTree +-- type-check@0.3.2
21 silly currentTree +-- ua-parser-js@0.7.12
21 silly currentTree +-- uglify-js@2.8.23
21 silly currentTree | `-- yargs@3.10.0
21 silly currentTree +-- uglify-to-browserify@1.0.2
21 silly currentTree +-- uuid@3.0.1
21 silly currentTree +-- validate-npm-package-license@3.0.1
21 silly currentTree +-- verror@1.3.6
21 silly currentTree +-- walker@1.0.7
21 silly currentTree +-- warning@3.0.0
21 silly currentTree +-- watch@0.10.0
21 silly currentTree +-- webidl-conversions@4.0.1
21 silly currentTree +-- whatwg-encoding@1.0.1
21 silly currentTree | `-- iconv-lite@0.4.13
21 silly currentTree +-- whatwg-fetch@2.0.3
21 silly currentTree +-- whatwg-url@4.7.1
21 silly currentTree | `-- webidl-conversions@3.0.1
21 silly currentTree +-- which-module@1.0.0
21 silly currentTree +-- which@1.2.14
21 silly currentTree +-- window-size@0.1.0
21 silly currentTree +-- wordwrap@0.0.3
21 silly currentTree +-- worker-farm@1.3.1
21 silly currentTree +-- wrap-ansi@2.1.0
21 silly currentTree +-- wrappy@1.0.2
21 silly currentTree +-- xml-name-validator@2.0.1
21 silly currentTree +-- xtend@4.0.1
21 silly currentTree +-- y18n@3.2.1
21 silly currentTree +-- yallist@2.1.2
21 silly currentTree +-- yargs-parser@3.2.0
21 silly currentTree | +-- camelcase@3.0.0
21 silly currentTree | `-- lodash.assign@4.2.0
21 silly currentTree `-- yargs@5.0.0
21 silly currentTree   +-- cliui@3.2.0
21 silly currentTree   +-- lodash.assign@4.2.0
21 silly currentTree   `-- window-size@0.2.0
22 silly idealTree restackx-core@0.0.3
22 silly idealTree +-- abab@1.0.3
22 silly idealTree +-- abbrev@1.0.9
22 silly idealTree +-- acorn-globals@3.1.0
22 silly idealTree +-- acorn@4.0.11
22 silly idealTree +-- ajv@4.11.8
22 silly idealTree +-- align-text@0.1.4
22 silly idealTree +-- amdefine@1.0.1
22 silly idealTree +-- ansi-escapes@1.4.0
22 silly idealTree +-- ansi-regex@2.1.1
22 silly idealTree +-- ansi-styles@2.2.1
22 silly idealTree +-- ansicolors@0.2.1
22 silly idealTree +-- append-transform@0.4.0
22 silly idealTree +-- argparse@1.0.9
22 silly idealTree +-- arr-diff@2.0.0
22 silly idealTree +-- arr-flatten@1.0.3
22 silly idealTree +-- array-differ@1.0.0
22 silly idealTree +-- array-equal@1.0.0
22 silly idealTree +-- array-union@1.0.2
22 silly idealTree +-- array-uniq@1.0.3
22 silly idealTree +-- array-unique@0.2.1
22 silly idealTree +-- arrify@1.0.1
22 silly idealTree +-- asap@2.0.5
22 silly idealTree +-- asn1@0.2.3
22 silly idealTree +-- assert-plus@0.2.0
22 silly idealTree +-- async@2.4.0
22 silly idealTree +-- asynckit@0.4.0
22 silly idealTree +-- aws-sign2@0.6.0
22 silly idealTree +-- aws4@1.6.0
22 silly idealTree +-- babel-code-frame@6.22.0
22 silly idealTree +-- babel-core@6.24.1
22 silly idealTree +-- babel-generator@6.24.1
22 silly idealTree +-- babel-helper-bindify-decorators@6.24.1
22 silly idealTree +-- babel-helper-builder-react-jsx@6.24.1
22 silly idealTree +-- babel-helper-call-delegate@6.24.1
22 silly idealTree +-- babel-helper-define-map@6.24.1
22 silly idealTree +-- babel-helper-explode-class@6.24.1
22 silly idealTree +-- babel-helper-function-name@6.24.1
22 silly idealTree +-- babel-helper-get-function-arity@6.24.1
22 silly idealTree +-- babel-helper-hoist-variables@6.24.1
22 silly idealTree +-- babel-helper-optimise-call-expression@6.24.1
22 silly idealTree +-- babel-helper-regex@6.24.1
22 silly idealTree +-- babel-helper-replace-supers@6.24.1
22 silly idealTree +-- babel-helpers@6.24.1
22 silly idealTree +-- babel-jest@15.0.0
22 silly idealTree +-- babel-messages@6.23.0
22 silly idealTree +-- babel-plugin-check-es2015-constants@6.22.0
22 silly idealTree +-- babel-plugin-istanbul@2.0.3
22 silly idealTree +-- babel-plugin-jest-hoist@15.0.0
22 silly idealTree +-- babel-plugin-react-transform@2.0.2
22 silly idealTree +-- babel-plugin-syntax-async-functions@6.13.0
22 silly idealTree +-- babel-plugin-syntax-class-properties@6.13.0
22 silly idealTree +-- babel-plugin-syntax-decorators@6.13.0
22 silly idealTree +-- babel-plugin-syntax-export-extensions@6.13.0
22 silly idealTree +-- babel-plugin-syntax-flow@6.18.0
22 silly idealTree +-- babel-plugin-syntax-jsx@6.18.0
22 silly idealTree +-- babel-plugin-syntax-object-rest-spread@6.13.0
22 silly idealTree +-- babel-plugin-transform-class-properties@6.24.1
22 silly idealTree +-- babel-plugin-transform-decorators-legacy@1.3.4
22 silly idealTree +-- babel-plugin-transform-decorators@6.24.1
22 silly idealTree +-- babel-plugin-transform-es2015-arrow-functions@6.22.0
22 silly idealTree +-- babel-plugin-transform-es2015-block-scoped-functions@6.22.0
22 silly idealTree +-- babel-plugin-transform-es2015-block-scoping@6.24.1
22 silly idealTree +-- babel-plugin-transform-es2015-classes@6.24.1
22 silly idealTree +-- babel-plugin-transform-es2015-computed-properties@6.24.1
22 silly idealTree +-- babel-plugin-transform-es2015-destructuring@6.23.0
22 silly idealTree +-- babel-plugin-transform-es2015-duplicate-keys@6.24.1
22 silly idealTree +-- babel-plugin-transform-es2015-for-of@6.23.0
22 silly idealTree +-- babel-plugin-transform-es2015-function-name@6.24.1
22 silly idealTree +-- babel-plugin-transform-es2015-literals@6.22.0
22 silly idealTree +-- babel-plugin-transform-es2015-modules-amd@6.24.1
22 silly idealTree +-- babel-plugin-transform-es2015-modules-commonjs@6.24.1
22 silly idealTree +-- babel-plugin-transform-es2015-modules-systemjs@6.24.1
22 silly idealTree +-- babel-plugin-transform-es2015-modules-umd@6.24.1
22 silly idealTree +-- babel-plugin-transform-es2015-object-super@6.24.1
22 silly idealTree +-- babel-plugin-transform-es2015-parameters@6.24.1
22 silly idealTree +-- babel-plugin-transform-es2015-shorthand-properties@6.24.1
22 silly idealTree +-- babel-plugin-transform-es2015-spread@6.22.0
22 silly idealTree +-- babel-plugin-transform-es2015-sticky-regex@6.24.1
22 silly idealTree +-- babel-plugin-transform-es2015-template-literals@6.22.0
22 silly idealTree +-- babel-plugin-transform-es2015-typeof-symbol@6.23.0
22 silly idealTree +-- babel-plugin-transform-es2015-unicode-regex@6.24.1
22 silly idealTree +-- babel-plugin-transform-export-extensions@6.22.0
22 silly idealTree +-- babel-plugin-transform-flow-strip-types@6.22.0
22 silly idealTree +-- babel-plugin-transform-object-assign@6.22.0
22 silly idealTree +-- babel-plugin-transform-object-rest-spread@6.23.0
22 silly idealTree +-- babel-plugin-transform-react-display-name@6.23.0
22 silly idealTree +-- babel-plugin-transform-react-jsx-self@6.22.0
22 silly idealTree +-- babel-plugin-transform-react-jsx-source@6.22.0
22 silly idealTree +-- babel-plugin-transform-react-jsx@6.24.1
22 silly idealTree +-- babel-plugin-transform-regenerator@6.24.1
22 silly idealTree +-- babel-plugin-transform-runtime@6.23.0
22 silly idealTree +-- babel-plugin-transform-strict-mode@6.24.1
22 silly idealTree +-- babel-preset-es2015@6.24.1
22 silly idealTree +-- babel-preset-flow@6.23.0
22 silly idealTree +-- babel-preset-jest@15.0.0
22 silly idealTree +-- babel-preset-react-hmre@1.1.1
22 silly idealTree +-- babel-preset-react@6.24.1
22 silly idealTree +-- babel-register@6.24.1
22 silly idealTree +-- babel-runtime@6.23.0
22 silly idealTree +-- babel-template@6.24.1
22 silly idealTree +-- babel-traverse@6.24.1
22 silly idealTree +-- babel-types@6.24.1
22 silly idealTree +-- babylon@6.17.0
22 silly idealTree +-- balanced-match@0.4.2
22 silly idealTree +-- bcrypt-pbkdf@1.0.1
22 silly idealTree +-- boom@2.10.1
22 silly idealTree +-- brace-expansion@1.1.7
22 silly idealTree +-- braces@1.8.5
22 silly idealTree +-- browser-resolve@1.11.2
22 silly idealTree +-- bser@1.0.2
22 silly idealTree +-- builtin-modules@1.1.1
22 silly idealTree +-- callsites@2.0.0
22 silly idealTree +-- camelcase@1.2.1
22 silly idealTree +-- cardinal@1.0.0
22 silly idealTree +-- caseless@0.12.0
22 silly idealTree +-- center-align@0.1.3
22 silly idealTree +-- chalk@1.1.3
22 silly idealTree +-- cli-table@0.3.1
22 silly idealTree +-- cli-usage@0.1.4
22 silly idealTree +-- cliui@2.1.0
22 silly idealTree | `-- wordwrap@0.0.2
22 silly idealTree +-- co@4.6.0
22 silly idealTree +-- code-point-at@1.1.0
22 silly idealTree +-- colors@1.0.3
22 silly idealTree +-- combined-stream@1.0.5
22 silly idealTree +-- concat-map@0.0.1
22 silly idealTree +-- content-type-parser@1.0.1
22 silly idealTree +-- convert-source-map@1.5.0
22 silly idealTree +-- cookie@0.3.1
22 silly idealTree +-- core-js@2.4.1
22 silly idealTree +-- cross-env@2.0.1
22 silly idealTree +-- cross-spawn@3.0.1
22 silly idealTree +-- cryptiles@2.0.5
22 silly idealTree +-- cssom@0.3.2
22 silly idealTree +-- cssstyle@0.2.37
22 silly idealTree +-- dashdash@1.14.1
22 silly idealTree | `-- assert-plus@1.0.0
22 silly idealTree +-- debug@2.6.6
22 silly idealTree +-- decamelize@1.2.0
22 silly idealTree +-- deep-equal@1.0.1
22 silly idealTree +-- deep-is@0.1.3
22 silly idealTree +-- default-require-extensions@1.0.0
22 silly idealTree +-- delayed-stream@1.0.0
22 silly idealTree +-- detect-indent@4.0.0
22 silly idealTree +-- diff@3.2.0
22 silly idealTree +-- dom-walk@0.1.1
22 silly idealTree +-- ecc-jsbn@0.1.1
22 silly idealTree +-- encoding@0.1.12
22 silly idealTree +-- errno@0.1.4
22 silly idealTree +-- error-ex@1.3.1
22 silly idealTree +-- error-stack-parser@1.3.6
22 silly idealTree +-- escape-string-regexp@1.0.5
22 silly idealTree +-- escodegen@1.8.1
22 silly idealTree | +-- esprima@2.7.3
22 silly idealTree | `-- source-map@0.2.0
22 silly idealTree +-- esprima@3.1.3
22 silly idealTree +-- estraverse@1.9.3
22 silly idealTree +-- esutils@2.0.2
22 silly idealTree +-- exec-sh@0.2.0
22 silly idealTree +-- expand-brackets@0.1.5
22 silly idealTree +-- expand-range@1.8.2
22 silly idealTree +-- extend@3.0.1
22 silly idealTree +-- extglob@0.3.2
22 silly idealTree +-- extsprintf@1.0.2
22 silly idealTree +-- fast-levenshtein@2.0.6
22 silly idealTree +-- fb-watchman@1.9.2
22 silly idealTree +-- fbjs@0.8.12
22 silly idealTree | `-- core-js@1.2.7
22 silly idealTree +-- filename-regex@2.0.1
22 silly idealTree +-- fileset@2.0.3
22 silly idealTree +-- fill-range@2.2.3
22 silly idealTree +-- find-up@1.1.2
22 silly idealTree +-- for-in@1.0.2
22 silly idealTree +-- for-own@0.1.5
22 silly idealTree +-- forever-agent@0.6.1
22 silly idealTree +-- form-data@2.1.4
22 silly idealTree +-- fs.realpath@1.0.0
22 silly idealTree +-- get-caller-file@1.0.2
22 silly idealTree +-- getpass@0.1.7
22 silly idealTree | `-- assert-plus@1.0.0
22 silly idealTree +-- glob-base@0.3.0
22 silly idealTree +-- glob-parent@2.0.0
22 silly idealTree +-- glob@7.1.1
22 silly idealTree +-- global@4.3.2
22 silly idealTree +-- globals@9.17.0
22 silly idealTree +-- graceful-fs@4.1.11
22 silly idealTree +-- growly@1.3.0
22 silly idealTree +-- handlebars@4.0.8
22 silly idealTree | +-- async@1.5.2
22 silly idealTree | `-- source-map@0.4.4
22 silly idealTree +-- har-schema@1.0.5
22 silly idealTree +-- har-validator@4.2.1
22 silly idealTree +-- has-ansi@2.0.0
22 silly idealTree +-- has-flag@1.0.0
22 silly idealTree +-- hawk@3.1.3
22 silly idealTree +-- history@2.1.2
22 silly idealTree | `-- warning@2.1.0
22 silly idealTree +-- hoek@2.16.3
22 silly idealTree +-- hoist-non-react-statics@1.2.0
22 silly idealTree +-- home-or-tmp@2.0.0
22 silly idealTree +-- hosted-git-info@2.4.2
22 silly idealTree +-- html-encoding-sniffer@1.0.1
22 silly idealTree +-- http-signature@1.1.1
22 silly idealTree +-- iconv-lite@0.4.17
22 silly idealTree +-- inflight@1.0.6
22 silly idealTree +-- inherits@2.0.3
22 silly idealTree +-- invariant@2.2.2
22 silly idealTree +-- invert-kv@1.0.0
22 silly idealTree +-- is-arrayish@0.2.1
22 silly idealTree +-- is-buffer@1.1.5
22 silly idealTree +-- is-builtin-module@1.0.0
22 silly idealTree +-- is-dotfile@1.0.2
22 silly idealTree +-- is-equal-shallow@0.1.3
22 silly idealTree +-- is-extendable@0.1.1
22 silly idealTree +-- is-extglob@1.0.0
22 silly idealTree +-- is-finite@1.0.2
22 silly idealTree +-- is-fullwidth-code-point@1.0.0
22 silly idealTree +-- is-glob@2.0.1
22 silly idealTree +-- is-number@2.1.0
22 silly idealTree +-- is-posix-bracket@0.1.1
22 silly idealTree +-- is-primitive@2.0.0
22 silly idealTree +-- is-stream@1.1.0
22 silly idealTree +-- is-typedarray@1.0.0
22 silly idealTree +-- is-utf8@0.2.1
22 silly idealTree +-- isarray@1.0.0
22 silly idealTree +-- isexe@2.0.0
22 silly idealTree +-- isobject@2.1.0
22 silly idealTree +-- isomorphic-fetch@2.2.1
22 silly idealTree +-- isstream@0.1.2
22 silly idealTree +-- istanbul-api@1.1.8
22 silly idealTree +-- istanbul-lib-coverage@1.1.0
22 silly idealTree +-- istanbul-lib-hook@1.0.6
22 silly idealTree +-- istanbul-lib-instrument@1.7.1
22 silly idealTree +-- istanbul-lib-report@1.1.0
22 silly idealTree | `-- supports-color@3.2.3
22 silly idealTree +-- istanbul-lib-source-maps@1.2.0
22 silly idealTree +-- istanbul-reports@1.1.0
22 silly idealTree +-- istanbul@0.4.5
22 silly idealTree | +-- async@1.5.2
22 silly idealTree | +-- esprima@2.7.3
22 silly idealTree | +-- glob@5.0.15
22 silly idealTree | +-- supports-color@3.2.3
22 silly idealTree | `-- wordwrap@1.0.0
22 silly idealTree +-- jasmine-check@0.1.5
22 silly idealTree +-- jed@1.1.1
22 silly idealTree +-- jest-changed-files@15.0.0
22 silly idealTree +-- jest-config@15.1.1
22 silly idealTree +-- jest-diff@15.1.0
22 silly idealTree +-- jest-environment-jsdom@15.1.1
22 silly idealTree +-- jest-environment-node@15.1.1
22 silly idealTree +-- jest-file-exists@15.0.0
22 silly idealTree +-- jest-haste-map@15.0.1
22 silly idealTree +-- jest-jasmine2@15.1.1
22 silly idealTree +-- jest-matcher-utils@15.1.0
22 silly idealTree +-- jest-matchers@15.1.1
22 silly idealTree +-- jest-mock@15.0.0
22 silly idealTree +-- jest-resolve-dependencies@15.0.1
22 silly idealTree +-- jest-resolve@15.0.1
22 silly idealTree +-- jest-runtime@15.1.1
22 silly idealTree +-- jest-snapshot@15.1.1
22 silly idealTree +-- jest-util@15.1.1
22 silly idealTree +-- jest@15.1.1
22 silly idealTree | `-- jest-cli@15.1.1
22 silly idealTree +-- jodid25519@1.0.2
22 silly idealTree +-- js-tokens@3.0.1
22 silly idealTree +-- js-yaml@3.8.4
22 silly idealTree +-- jsbn@0.1.1
22 silly idealTree +-- jsdom@9.12.0
22 silly idealTree +-- jsesc@1.3.0
22 silly idealTree +-- json-schema@0.2.3
22 silly idealTree +-- json-stable-stringify@1.0.1
22 silly idealTree +-- json-stringify-safe@5.0.1
22 silly idealTree +-- json5@0.5.1
22 silly idealTree +-- jsonify@0.0.0
22 silly idealTree +-- jsprim@1.4.0
22 silly idealTree | `-- assert-plus@1.0.0
22 silly idealTree +-- kind-of@3.2.0
22 silly idealTree +-- lazy-cache@1.0.4
22 silly idealTree +-- lcid@1.0.0
22 silly idealTree +-- levn@0.3.0
22 silly idealTree +-- load-json-file@1.1.0
22 silly idealTree +-- lodash._arraycopy@3.0.0
22 silly idealTree +-- lodash._arrayeach@3.0.0
22 silly idealTree +-- lodash._baseassign@3.2.0
22 silly idealTree +-- lodash._baseclone@3.3.0
22 silly idealTree +-- lodash._basecopy@3.0.1
22 silly idealTree +-- lodash._basefor@3.0.3
22 silly idealTree +-- lodash._bindcallback@3.0.1
22 silly idealTree +-- lodash._createassigner@3.1.1
22 silly idealTree +-- lodash._getnative@3.9.1
22 silly idealTree +-- lodash._isiterateecall@3.0.9
22 silly idealTree +-- lodash.assign@3.2.0
22 silly idealTree +-- lodash.clonedeep@3.0.2
22 silly idealTree +-- lodash.isarguments@3.1.0
22 silly idealTree +-- lodash.isarray@3.0.4
22 silly idealTree +-- lodash.keys@3.1.2
22 silly idealTree +-- lodash.restparam@3.6.1
22 silly idealTree +-- lodash@4.17.4
22 silly idealTree +-- longest@1.0.1
22 silly idealTree +-- loose-envify@1.3.1
22 silly idealTree +-- lru-cache@4.0.2
22 silly idealTree +-- makeerror@1.0.11
22 silly idealTree +-- marked-terminal@1.7.0
22 silly idealTree | `-- lodash.assign@4.2.0
22 silly idealTree +-- marked@0.3.6
22 silly idealTree +-- merge@1.2.0
22 silly idealTree +-- micromatch@2.3.11
22 silly idealTree +-- mime-db@1.27.0
22 silly idealTree +-- mime-types@2.1.15
22 silly idealTree +-- min-document@2.19.0
22 silly idealTree +-- minimatch@3.0.4
22 silly idealTree +-- minimist@0.0.8
22 silly idealTree +-- mkdirp@0.5.1
22 silly idealTree +-- mobx-react@4.1.8
22 silly idealTree +-- mobx@3.1.9
22 silly idealTree +-- ms@0.7.3
22 silly idealTree +-- multimatch@2.1.0
22 silly idealTree +-- node-emoji@1.5.1
22 silly idealTree +-- node-fetch@1.6.3
22 silly idealTree +-- node-int64@0.4.0
22 silly idealTree +-- node-notifier@4.6.1
22 silly idealTree | `-- minimist@1.2.0
22 silly idealTree +-- nopt@3.0.6
22 silly idealTree +-- normalize-package-data@2.3.8
22 silly idealTree +-- normalize-path@2.1.1
22 silly idealTree +-- number-is-nan@1.0.1
22 silly idealTree +-- nwmatcher@1.3.9
22 silly idealTree +-- oauth-sign@0.8.2
22 silly idealTree +-- object-assign@4.1.1
22 silly idealTree +-- object.omit@2.0.1
22 silly idealTree +-- once@1.4.0
22 silly idealTree +-- optimist@0.6.1
22 silly idealTree +-- optionator@0.8.2
22 silly idealTree | `-- wordwrap@1.0.0
22 silly idealTree +-- os-homedir@1.0.2
22 silly idealTree +-- os-locale@1.4.0
22 silly idealTree +-- os-tmpdir@1.0.2
22 silly idealTree +-- parse-glob@3.0.4
22 silly idealTree +-- parse-json@2.2.0
22 silly idealTree +-- parse5@1.5.1
22 silly idealTree +-- path-exists@2.1.0
22 silly idealTree +-- path-is-absolute@1.0.1
22 silly idealTree +-- path-parse@1.0.5
22 silly idealTree +-- path-type@1.1.0
22 silly idealTree +-- performance-now@0.2.0
22 silly idealTree +-- pify@2.3.0
22 silly idealTree +-- pinkie-promise@2.0.1
22 silly idealTree +-- pinkie@2.0.4
22 silly idealTree +-- prelude-ls@1.1.2
22 silly idealTree +-- preserve@0.2.0
22 silly idealTree +-- pretty-format@3.8.0
22 silly idealTree +-- private@0.1.7
22 silly idealTree +-- process@0.5.2
22 silly idealTree +-- promise@7.1.1
22 silly idealTree +-- prop-types@15.5.8
22 silly idealTree +-- prr@0.0.0
22 silly idealTree +-- pseudomap@1.0.2
22 silly idealTree +-- punycode@1.4.1
22 silly idealTree +-- qs@6.4.0
22 silly idealTree +-- query-string@3.0.3
22 silly idealTree +-- randomatic@1.1.6
22 silly idealTree +-- react-deep-force-update@1.0.1
22 silly idealTree +-- react-dom@15.5.4
22 silly idealTree +-- react-proxy@1.1.8
22 silly idealTree +-- react-router@2.8.1
22 silly idealTree +-- react-transform-catch-errors@1.0.2
22 silly idealTree +-- react-transform-hmr@1.0.4
22 silly idealTree +-- react@15.5.4
22 silly idealTree +-- read-pkg-up@1.0.1
22 silly idealTree +-- read-pkg@1.1.0
22 silly idealTree +-- redbox-react@1.3.6
22 silly idealTree +-- redeyed@1.0.1
22 silly idealTree | `-- esprima@3.0.0
22 silly idealTree +-- regenerate@1.3.2
22 silly idealTree +-- regenerator-runtime@0.10.5
22 silly idealTree +-- regenerator-transform@0.9.11
22 silly idealTree +-- regex-cache@0.4.3
22 silly idealTree +-- regexpu-core@2.0.0
22 silly idealTree +-- regjsgen@0.2.0
22 silly idealTree +-- regjsparser@0.1.5
22 silly idealTree | `-- jsesc@0.5.0
22 silly idealTree +-- remove-trailing-separator@1.0.1
22 silly idealTree +-- repeat-element@1.1.2
22 silly idealTree +-- repeat-string@1.6.1
22 silly idealTree +-- repeating@2.0.1
22 silly idealTree +-- request@2.81.0
22 silly idealTree +-- require-directory@2.1.1
22 silly idealTree +-- require-main-filename@1.0.1
22 silly idealTree +-- resolve@1.1.7
22 silly idealTree +-- right-align@0.1.3
22 silly idealTree +-- rimraf@2.6.1
22 silly idealTree +-- safe-buffer@5.0.1
22 silly idealTree +-- sane@1.4.1
22 silly idealTree | `-- minimist@1.2.0
22 silly idealTree +-- sax@1.2.2
22 silly idealTree +-- semver@5.3.0
22 silly idealTree +-- set-blocking@2.0.0
22 silly idealTree +-- setimmediate@1.0.5
22 silly idealTree +-- shellwords@0.1.0
22 silly idealTree +-- slash@1.0.0
22 silly idealTree +-- sntp@1.0.9
22 silly idealTree +-- source-map-support@0.4.15
22 silly idealTree +-- source-map@0.5.6
22 silly idealTree +-- spdx-correct@1.0.2
22 silly idealTree +-- spdx-expression-parse@1.0.4
22 silly idealTree +-- spdx-license-ids@1.2.2
22 silly idealTree +-- sprintf-js@1.0.3
22 silly idealTree +-- sshpk@1.13.0
22 silly idealTree | `-- assert-plus@1.0.0
22 silly idealTree +-- stackframe@0.3.1
22 silly idealTree +-- strict-uri-encode@1.1.0
22 silly idealTree +-- string-width@1.0.2
22 silly idealTree +-- string.prototype.codepointat@0.2.0
22 silly idealTree +-- stringstream@0.0.5
22 silly idealTree +-- strip-ansi@3.0.1
22 silly idealTree +-- strip-bom@2.0.0
22 silly idealTree +-- supports-color@2.0.0
22 silly idealTree +-- symbol-tree@3.2.2
22 silly idealTree +-- test-exclude@2.1.3
22 silly idealTree +-- testcheck@0.1.4
22 silly idealTree +-- tmpl@1.0.4
22 silly idealTree +-- to-fast-properties@1.0.3
22 silly idealTree +-- tough-cookie@2.3.2
22 silly idealTree +-- tr46@0.0.3
22 silly idealTree +-- trim-right@1.0.1
22 silly idealTree +-- tunnel-agent@0.6.0
22 silly idealTree +-- tweetnacl@0.14.5
22 silly idealTree +-- type-check@0.3.2
22 silly idealTree +-- ua-parser-js@0.7.12
22 silly idealTree +-- uglify-js@2.8.23
22 silly idealTree | `-- yargs@3.10.0
22 silly idealTree +-- uglify-to-browserify@1.0.2
22 silly idealTree +-- uuid@3.0.1
22 silly idealTree +-- validate-npm-package-license@3.0.1
22 silly idealTree +-- verror@1.3.6
22 silly idealTree +-- walker@1.0.7
22 silly idealTree +-- warning@3.0.0
22 silly idealTree +-- watch@0.10.0
22 silly idealTree +-- webidl-conversions@4.0.1
22 silly idealTree +-- whatwg-encoding@1.0.1
22 silly idealTree | `-- iconv-lite@0.4.13
22 silly idealTree +-- whatwg-fetch@2.0.3
22 silly idealTree +-- whatwg-url@4.7.1
22 silly idealTree | `-- webidl-conversions@3.0.1
22 silly idealTree +-- which-module@1.0.0
22 silly idealTree +-- which@1.2.14
22 silly idealTree +-- window-size@0.1.0
22 silly idealTree +-- wordwrap@0.0.3
22 silly idealTree +-- worker-farm@1.3.1
22 silly idealTree +-- wrap-ansi@2.1.0
22 silly idealTree +-- wrappy@1.0.2
22 silly idealTree +-- xml-name-validator@2.0.1
22 silly idealTree +-- xtend@4.0.1
22 silly idealTree +-- y18n@3.2.1
22 silly idealTree +-- yallist@2.1.2
22 silly idealTree +-- yargs-parser@3.2.0
22 silly idealTree | +-- camelcase@3.0.0
22 silly idealTree | `-- lodash.assign@4.2.0
22 silly idealTree `-- yargs@5.0.0
22 silly idealTree   +-- cliui@3.2.0
22 silly idealTree   +-- lodash.assign@4.2.0
22 silly idealTree   `-- window-size@0.2.0
23 silly generateActionsToTake Starting
24 silly install generateActionsToTake
25 silly generateActionsToTake Finishing
26 silly diffTrees action count 0
27 silly decomposeActions action count 0
28 silly runTopLevelLifecycles Starting
29 silly install runPreinstallTopLevelLifecycles
30 silly preinstall restackx-core@0.0.3 C:\Users\Administrator\Desktop\restackx-core\restackx-core-fcf7a6f6
31 info lifecycle restackx-core@0.0.3~preinstall: restackx-core@0.0.3
32 silly lifecycle restackx-core@0.0.3~preinstall: no script for preinstall, continuing
33 silly executeActions Starting
34 silly install executeActions
35 silly doSerial global-install 0
36 silly doParallel fetch 0
37 verbose correctMkdir C:\Users\Administrator\AppData\Roaming\npm-cache\_locks correctMkdir not in flight; initializing
38 verbose lock using C:\Users\Administrator\AppData\Roaming\npm-cache\_locks\staging-27a7fb113600b61b.lock for C:\Users\Administrator\Desktop\restackx-core\node_modules\.staging
39 silly doParallel extract 0
40 silly doParallel preinstall 0
41 silly doReverseSerial remove 0
42 silly doSerial move 0
43 silly doSerial finalize 0
44 silly doSerial build 0
45 silly doSerial global-link 0
46 silly doParallel update-linked 0
47 silly doSerial install 0
48 silly doSerial postinstall 0
49 verbose unlock done using C:\Users\Administrator\AppData\Roaming\npm-cache\_locks\staging-27a7fb113600b61b.lock for C:\Users\Administrator\Desktop\restackx-core\node_modules\.staging
50 silly executeActions Finishing
51 silly rollbackFailedOptional Starting
52 silly rollbackFailedOptional Finishing
53 silly install runPostinstallTopLevelLifecycles
54 silly build restackx-core@0.0.3
55 info linkStuff restackx-core@0.0.3
56 silly linkStuff restackx-core@0.0.3 has C:\Users\Administrator\Desktop as its parent node_modules
57 verbose linkBins restackx-core@0.0.3
58 verbose linkMans restackx-core@0.0.3
59 silly install restackx-core@0.0.3 C:\Users\Administrator\Desktop\restackx-core\restackx-core-fcf7a6f6
60 info lifecycle restackx-core@0.0.3~install: restackx-core@0.0.3
61 silly lifecycle restackx-core@0.0.3~install: no script for install, continuing
62 silly postinstall restackx-core@0.0.3 C:\Users\Administrator\Desktop\restackx-core\restackx-core-fcf7a6f6
63 info lifecycle restackx-core@0.0.3~postinstall: restackx-core@0.0.3
64 silly lifecycle restackx-core@0.0.3~postinstall: no script for postinstall, continuing
65 silly prepublish restackx-core@0.0.3 C:\Users\Administrator\Desktop\restackx-core\restackx-core-fcf7a6f6
66 info lifecycle restackx-core@0.0.3~prepublish: restackx-core@0.0.3
67 verbose lifecycle restackx-core@0.0.3~prepublish: unsafe-perm in lifecycle true
68 verbose lifecycle restackx-core@0.0.3~prepublish: PATH: D:\Program Files\nodejs\node_modules\npm\bin\node-gyp-bin;C:\Users\Administrator\Desktop\restackx-core\node_modules\.bin;C:\Users\Administrator\bin;D:\Program Files\Git\mingw64\bin;D:\Program Files\Git\usr\local\bin;D:\Program Files\Git\usr\bin;D:\Program Files\Git\usr\bin;D:\Program Files\Git\mingw64\bin;D:\Program Files\Git\usr\bin;C:\Users\Administrator\bin;C:\Program Files (x86)\AMD APP\bin\x86_64;C:\Program Files (x86)\AMD APP\bin\x86;C:\Windows\system32;C:\Windows;C:\Windows\System32\Wbem;C:\Windows\System32\WindowsPowerShell\v1.0;C:\Program Files (x86)\ATI Technologies\ATI.ACE\Core-Static;D:\Program Files\TortoiseSVN\bin;D:\Program Files\Git\nvmw;D:\Program Files\nodejs;D:\Program Files\MySQL\MySQL Server 5.5\bin;D:\Program Files\Git\cmd;D:\Program Files\Python\Python35\Scripts;D:\Program Files\Python\Python35;C:\Users\Administrator\AppData\Roaming\npm;D:\Program Files\Git\usr\bin\vendor_perl;D:\Program Files\Git\usr\bin\core_perl
69 verbose lifecycle restackx-core@0.0.3~prepublish: CWD: C:\Users\Administrator\Desktop\restackx-core
70 silly lifecycle restackx-core@0.0.3~prepublish: Args: [ '/d /s /c', 'npm run compile' ]
71 silly lifecycle restackx-core@0.0.3~prepublish: Returned: code: 1  signal: null
72 info lifecycle restackx-core@0.0.3~prepublish: Failed to exec prepublish script
73 verbose stack Error: restackx-core@0.0.3 prepublish: `npm run compile`
73 verbose stack Exit status 1
73 verbose stack     at EventEmitter.<anonymous> (D:\Program Files\nodejs\node_modules\npm\lib\utils\lifecycle.js:255:16)
73 verbose stack     at emitTwo (events.js:106:13)
73 verbose stack     at EventEmitter.emit (events.js:191:7)
73 verbose stack     at ChildProcess.<anonymous> (D:\Program Files\nodejs\node_modules\npm\lib\utils\spawn.js:40:14)
73 verbose stack     at emitTwo (events.js:106:13)
73 verbose stack     at ChildProcess.emit (events.js:191:7)
73 verbose stack     at maybeClose (internal/child_process.js:877:16)
73 verbose stack     at Process.ChildProcess._handle.onexit (internal/child_process.js:226:5)
74 verbose pkgid restackx-core@0.0.3
75 verbose cwd C:\Users\Administrator\Desktop\restackx-core
76 error Windows_NT 6.1.7601
77 error argv "D:\\Program Files\\nodejs\\node.exe" "D:\\Program Files\\nodejs\\node_modules\\npm\\bin\\npm-cli.js" "i"
78 error node v6.9.1
79 error npm  v3.10.8
80 error code ELIFECYCLE
81 error restackx-core@0.0.3 prepublish: `npm run compile`
81 error Exit status 1
82 error Failed at the restackx-core@0.0.3 prepublish script 'npm run compile'.
82 error Make sure you have the latest version of node.js and npm installed.
82 error If you do, this is most likely a problem with the restackx-core package,
82 error not with npm itself.
82 error Tell the author that this fails on your system:
82 error     npm run compile
82 error You can get information on how to open an issue for this project with:
82 error     npm bugs restackx-core
82 error Or if that isn't available, you can get their info via:
82 error     npm owner ls restackx-core
82 error There is likely additional logging output above.
83 verbose exit [ 1, true ]
